<?xml version="1.0" encoding="UTF-8"?>
<testng-results ignored="0" total="1" passed="1" failed="0" skipped="0">
  <reporter-output>
  </reporter-output>
  <suite started-at="2024-01-28T21:42:41 IST" name="Surefire suite" finished-at="2024-01-28T21:42:44 IST" duration-ms="2299">
    <groups>
    </groups>
    <test started-at="2024-01-28T21:42:41 IST" name="Surefire test" finished-at="2024-01-28T21:42:44 IST" duration-ms="2299">
      <class name="com.testRun.salesForceLoginTest">
        <test-method is-config="true" signature="setup()[pri:0, instance:com.testRun.salesForceLoginTest@2ed2d9cb]" started-at="2024-01-28T21:42:38 IST" name="setup" finished-at="2024-01-28T21:42:41 IST" duration-ms="3016" status="PASS">
          <reporter-output>
          </reporter-output>
        </test-method> <!-- setup -->
        <test-method signature="loginToSalesForce()[pri:0, instance:com.testRun.salesForceLoginTest@2ed2d9cb]" started-at="2024-01-28T21:42:41 IST" name="loginToSalesForce" finished-at="2024-01-28T21:42:44 IST" duration-ms="2263" status="PASS">
          <reporter-output>
          </reporter-output>
        </test-method> <!-- loginToSalesForce -->
        <test-method is-config="true" signature="cleanUp()[pri:0, instance:com.testRun.salesForceLoginTest@2ed2d9cb]" started-at="2024-01-28T21:42:44 IST" name="cleanUp" finished-at="2024-01-28T21:42:44 IST" duration-ms="98" status="PASS">
          <reporter-output>
          </reporter-output>
        </test-method> <!-- cleanUp -->
      </class> <!-- com.testRun.salesForceLoginTest -->
    </test> <!-- Surefire test -->
  </suite> <!-- Surefire suite -->
</testng-results>
