<?xml version="1.0" encoding="UTF-8"?>
<testng-results ignored="0" total="1" passed="1" failed="0" skipped="0">
  <reporter-output>
  </reporter-output>
  <suite started-at="2024-01-28T21:16:04 IST" name="Default suite" finished-at="2024-01-28T21:16:06 IST" duration-ms="2256">
    <groups>
    </groups>
    <test started-at="2024-01-28T21:16:04 IST" name="Default test" finished-at="2024-01-28T21:16:06 IST" duration-ms="2256">
      <class name="com.testRun.salesForceLoginTest">
        <test-method is-config="true" signature="setup()[pri:0, instance:com.testRun.salesForceLoginTest@15a34df2]" started-at="2024-01-28T21:16:01 IST" name="setup" finished-at="2024-01-28T21:16:04 IST" duration-ms="2573" status="PASS">
          <reporter-output>
          </reporter-output>
        </test-method> <!-- setup -->
        <test-method signature="loginToSalesForce()[pri:0, instance:com.testRun.salesForceLoginTest@15a34df2]" started-at="2024-01-28T21:16:04 IST" name="loginToSalesForce" finished-at="2024-01-28T21:16:06 IST" duration-ms="2230" status="PASS">
          <reporter-output>
          </reporter-output>
        </test-method> <!-- loginToSalesForce -->
        <test-method is-config="true" signature="cleanUp()[pri:0, instance:com.testRun.salesForceLoginTest@15a34df2]" started-at="2024-01-28T21:16:06 IST" name="cleanUp" finished-at="2024-01-28T21:16:06 IST" duration-ms="86" status="PASS">
          <reporter-output>
          </reporter-output>
        </test-method> <!-- cleanUp -->
      </class> <!-- com.testRun.salesForceLoginTest -->
    </test> <!-- Default test -->
  </suite> <!-- Default suite -->
</testng-results>
